This is pdfTeX, Version 3.1415926-2.3-1.40.12 (MiKTeX 2.9 64-bit) (preloaded format=pdflatex 2011.10.25)  6 OCT 2012 01:35
entering extended mode
**week2master.tex
(C:\Users\Jared\week2\writeup\week2master.tex
LaTeX2e <2011/06/27>
Babel <v3.8m> and hyphenation patterns for english, afrikaans, ancientgreek, ar
abic, armenian, assamese, basque, bengali, bokmal, bulgarian, catalan, coptic, 
croatian, czech, danish, dutch, esperanto, estonian, farsi, finnish, french, ga
lician, german, german-x-2009-06-19, greek, gujarati, hindi, hungarian, iceland
ic, indonesian, interlingua, irish, italian, kannada, kurmanji, lao, latin, lat
vian, lithuanian, malayalam, marathi, mongolian, mongolianlmc, monogreek, ngerm
an, ngerman-x-2009-06-19, nynorsk, oriya, panjabi, pinyin, polish, portuguese, 
romanian, russian, sanskrit, serbian, slovak, slovenian, spanish, swedish, swis
sgerman, tamil, telugu, turkish, turkmen, ukenglish, ukrainian, uppersorbian, u
senglishmax, welsh, loaded.
("C:\Program Files\MiKTeX 2.9\tex\latex\base\article.cls"
Document Class: article 2007/10/19 v1.4h Standard LaTeX document class
("C:\Program Files\MiKTeX 2.9\tex\latex\base\size10.clo"
File: size10.clo 2007/10/19 v1.4h Standard LaTeX file (size option)
)
\c@part=\count79
\c@section=\count80
\c@subsection=\count81
\c@subsubsection=\count82
\c@paragraph=\count83
\c@subparagraph=\count84
\c@figure=\count85
\c@table=\count86
\abovecaptionskip=\skip41
\belowcaptionskip=\skip42
\bibindent=\dimen102
)
("C:\Program Files\MiKTeX 2.9\tex\latex\graphics\graphicx.sty"
Package: graphicx 1999/02/16 v1.0f Enhanced LaTeX Graphics (DPC,SPQR)

("C:\Program Files\MiKTeX 2.9\tex\latex\graphics\keyval.sty"
Package: keyval 1999/03/16 v1.13 key=value parser (DPC)
\KV@toks@=\toks14
)
("C:\Program Files\MiKTeX 2.9\tex\latex\graphics\graphics.sty"
Package: graphics 2009/02/05 v1.0o Standard LaTeX Graphics (DPC,SPQR)

("C:\Program Files\MiKTeX 2.9\tex\latex\graphics\trig.sty"
Package: trig 1999/03/16 v1.09 sin cos tan (DPC)
)
("C:\Program Files\MiKTeX 2.9\tex\latex\00miktex\graphics.cfg"
File: graphics.cfg 2007/01/18 v1.5 graphics configuration of teTeX/TeXLive
)
Package graphics Info: Driver file: pdftex.def on input line 91.

("C:\Program Files\MiKTeX 2.9\tex\latex\pdftex-def\pdftex.def"
File: pdftex.def 2011/05/27 v0.06d Graphics/color for pdfTeX

("C:\Program Files\MiKTeX 2.9\tex\generic\oberdiek\infwarerr.sty"
Package: infwarerr 2010/04/08 v1.3 Providing info/warning/message (HO)
)
("C:\Program Files\MiKTeX 2.9\tex\generic\oberdiek\ltxcmds.sty"
Package: ltxcmds 2011/04/18 v1.20 LaTeX kernel commands for general use (HO)
)
\Gread@gobject=\count87
))
\Gin@req@height=\dimen103
\Gin@req@width=\dimen104
)
("C:\Program Files\MiKTeX 2.9\tex\latex\graphics\color.sty"
Package: color 2005/11/14 v1.0j Standard LaTeX Color (DPC)

("C:\Program Files\MiKTeX 2.9\tex\latex\00miktex\color.cfg"
File: color.cfg 2007/01/18 v1.5 color configuration of teTeX/TeXLive
)
Package color Info: Driver file: pdftex.def on input line 130.
)
(C:\Users\Jared\AppData\Roaming\MiKTeX\2.9\tex\latex\upquote\upquote.sty
Package: upquote 2012/04/19 v1.3 upright-quote and grave-accent glyphs in verba
tim
)
(C:\Users\Jared\week2\writeup\framed.sty
Package: framed 2007/10/04 v 0.95: framed or shaded text with page breaks
\fb@frw=\dimen105
\fb@frh=\dimen106
\FrameRule=\dimen107
\FrameSep=\dimen108
)
("C:\Program Files\MiKTeX 2.9\tex\latex\base\alltt.sty"
Package: alltt 1997/06/16 v2.0g defines alltt environment
)
(C:\Users\Jared\AppData\Roaming\MiKTeX\2.9\tex\latex\mh\mathtools.sty
Package: mathtools 2011/04/06 v1.11 mathematical typesetting tools

("C:\Program Files\MiKTeX 2.9\tex\latex\tools\calc.sty"
Package: calc 2007/08/22 v4.3 Infix arithmetic (KKT,FJ)
\calc@Acount=\count88
\calc@Bcount=\count89
\calc@Adimen=\dimen109
\calc@Bdimen=\dimen110
\calc@Askip=\skip43
\calc@Bskip=\skip44
LaTeX Info: Redefining \setlength on input line 76.
LaTeX Info: Redefining \addtolength on input line 77.
\calc@Ccount=\count90
\calc@Cskip=\skip45
)
(C:\Users\Jared\AppData\Roaming\MiKTeX\2.9\tex\latex\mh\mhsetup.sty
Package: mhsetup 2010/01/21 v1.2a programming setup (MH)
)
("C:\Program Files\MiKTeX 2.9\tex\latex\ams\math\amsmath.sty"
Package: amsmath 2000/07/18 v2.13 AMS math features
\@mathmargin=\skip46

For additional information on amsmath, use the `?' option.
("C:\Program Files\MiKTeX 2.9\tex\latex\ams\math\amstext.sty"
Package: amstext 2000/06/29 v2.01

("C:\Program Files\MiKTeX 2.9\tex\latex\ams\math\amsgen.sty"
File: amsgen.sty 1999/11/30 v2.0
\@emptytoks=\toks15
\ex@=\dimen111
))
("C:\Program Files\MiKTeX 2.9\tex\latex\ams\math\amsbsy.sty"
Package: amsbsy 1999/11/29 v1.2d
\pmbraise@=\dimen112
)
("C:\Program Files\MiKTeX 2.9\tex\latex\ams\math\amsopn.sty"
Package: amsopn 1999/12/14 v2.01 operator names
)
\inf@bad=\count91
LaTeX Info: Redefining \frac on input line 211.
\uproot@=\count92
\leftroot@=\count93
LaTeX Info: Redefining \overline on input line 307.
\classnum@=\count94
\DOTSCASE@=\count95
LaTeX Info: Redefining \ldots on input line 379.
LaTeX Info: Redefining \dots on input line 382.
LaTeX Info: Redefining \cdots on input line 467.
\Mathstrutbox@=\box26
\strutbox@=\box27
\big@size=\dimen113
LaTeX Font Info:    Redeclaring font encoding OML on input line 567.
LaTeX Font Info:    Redeclaring font encoding OMS on input line 568.
\macc@depth=\count96
\c@MaxMatrixCols=\count97
\dotsspace@=\muskip10
\c@parentequation=\count98
\dspbrk@lvl=\count99
\tag@help=\toks16
\row@=\count100
\column@=\count101
\maxfields@=\count102
\andhelp@=\toks17
\eqnshift@=\dimen114
\alignsep@=\dimen115
\tagshift@=\dimen116
\tagwidth@=\dimen117
\totwidth@=\dimen118
\lineht@=\dimen119
\@envbody=\toks18
\multlinegap=\skip47
\multlinetaggap=\skip48
\mathdisplay@stack=\toks19
LaTeX Info: Redefining \[ on input line 2666.
LaTeX Info: Redefining \] on input line 2667.
)
\g_MT_multlinerow_int=\count103
\l_MT_multwidth_dim=\dimen120
\origjot=\skip49
\l_MT_shortvdotswithinadjustabove_dim=\dimen121
\l_MT_shortvdotswithinadjustbelow_dim=\dimen122
)
("C:\Program Files\MiKTeX 2.9\tex\latex\amsfonts\amssymb.sty"
Package: amssymb 2009/06/22 v3.00

("C:\Program Files\MiKTeX 2.9\tex\latex\amsfonts\amsfonts.sty"
Package: amsfonts 2009/06/22 v3.00 Basic AMSFonts support
\symAMSa=\mathgroup4
\symAMSb=\mathgroup5
LaTeX Font Info:    Overwriting math alphabet `\mathfrak' in version `bold'
(Font)                  U/euf/m/n --> U/euf/b/n on input line 96.
))
("C:\Program Files\MiKTeX 2.9\tex\latex\base\makeidx.sty"
Package: makeidx 2000/03/29 v1.0m Standard LaTeX package
)
("C:\Program Files\MiKTeX 2.9\tex\latex\base\showidx.sty"
Package: showidx 2000/03/29 v1.0m Standard LaTeX package
\indexbox=\insert233
)
\@indexfile=\write3

Writing index file week2master.idx 
(C:\Users\Jared\week2\writeup\week2master.aux)
LaTeX Font Info:    Checking defaults for OML/cmm/m/it on input line 103.
LaTeX Font Info:    ... okay on input line 103.
LaTeX Font Info:    Checking defaults for T1/cmr/m/n on input line 103.
LaTeX Font Info:    ... okay on input line 103.
LaTeX Font Info:    Checking defaults for OT1/cmr/m/n on input line 103.
LaTeX Font Info:    ... okay on input line 103.
LaTeX Font Info:    Checking defaults for OMS/cmsy/m/n on input line 103.
LaTeX Font Info:    ... okay on input line 103.
LaTeX Font Info:    Checking defaults for OMX/cmex/m/n on input line 103.
LaTeX Font Info:    ... okay on input line 103.
LaTeX Font Info:    Checking defaults for U/cmr/m/n on input line 103.
LaTeX Font Info:    ... okay on input line 103.

(C:\Users\Jared\AppData\Roaming\MiKTeX\2.9\tex\context\base\supp-pdf.mkii
[Loading MPS to PDF converter (version 2006.09.02).]
\scratchcounter=\count104
\scratchdimen=\dimen123
\scratchbox=\box28
\nofMPsegments=\count105
\nofMParguments=\count106
\everyMPshowfont=\toks20
\MPscratchCnt=\count107
\MPscratchDim=\dimen124
\MPnumerator=\count108
\makeMPintoPDFobject=\count109
\everyMPtoPDFconversion=\toks21
)
LaTeX Font Info:    Try loading font information for U+msa on input line 105.
 ("C:\Program Files\MiKTeX 2.9\tex\latex\amsfonts\umsa.fd"
File: umsa.fd 2009/06/22 v3.00 AMS symbols A
)
LaTeX Font Info:    Try loading font information for U+msb on input line 105.

("C:\Program Files\MiKTeX 2.9\tex\latex\amsfonts\umsb.fd"
File: umsb.fd 2009/06/22 v3.00 AMS symbols B
)
(C:\Users\Jared\week2\writeup\week2master.toc)
\tf@toc=\write4

(C:\Users\Jared\week2\writeup\distFuncs/distFuncs.tex
Package color Info: Redefining color shadecolor on input line 6.
LaTeX Font Info:    Font shape `OT1/cmtt/bx/n' in size <10> not available
(Font)              Font shape `OT1/cmtt/m/n' tried instead on input line 9.
LaTeX Font Info:    Try loading font information for OMS+cmtt on input line 11.


(C:/Users/Jared/DOCUME~1/R/R-215~1.1/share/texmf/tex/latex\omscmtt.fd
File: omscmtt.fd 
)
LaTeX Font Info:    Font shape `OMS/cmtt/m/n' in size <10> not available
(Font)              Font shape `OMS/cmsy/m/n' tried instead on input line 11.

Overfull \hbox (11.99689pt too wide) in paragraph at lines 12--12
[]    \OT1/cmtt/m/n/10 theFormula <- []build.formula[](lhs = lhs, rhs = []c[](g
roup, question))[] 
 []


Overfull \hbox (80.24629pt too wide) in paragraph at lines 28--28
[]    \OT1/cmtt/m/n/10 keepers <- []sample[](x = units, size = []min[](num, []l
ength[](units)), replace = FALSE)[] 
 []


Overfull \hbox (116.99597pt too wide) in paragraph at lines 48--48
[]\OT1/cmtt/m/n/10 compare.dist <- []function[](full, partial, compare = []"Per
cent"[], by = []intersect[]([]names[](full),[] 
 []


Overfull \hbox (90.7462pt too wide) in paragraph at lines 51--51
[]    []\OT1/cmtt/m/n/10 names[](full) <- []change.names[](names = []names[](fu
ll), include = by, prefix = []"Full"[])[] 
 []


Overfull \hbox (137.99579pt too wide) in paragraph at lines 54--54
[]    []\OT1/cmtt/m/n/10 names[](partial) <- []change.names[](names = []names[]
(partial), include = by, prefix = []"Partial"[])[] 
 []


Overfull \hbox (59.24648pt too wide) in paragraph at lines 65--65
[]    \OT1/cmtt/m/n/10 both[[full.compare]] <- []impute.col[](col = both[[full.
compare]], value = 0)[] 
 []


Overfull \hbox (90.7462pt too wide) in paragraph at lines 66--66
[]    \OT1/cmtt/m/n/10 both[[partial.compare]] <- []impute.col[](col = both[[pa
rtial.compare]], value = 0)[] 
 []

[1

{C:/Users/Jared/AppData/Local/MiKTeX/2.9/pdftex/config/pdftex.map}]
Underfull \vbox (badness 10000) detected at line 79
 []


Underfull \vbox (badness 10000) detected at line 79
 []

[2]) (C:\Users\Jared\week2\writeup\initial/initial.tex)
(C:\Users\Jared\week2\writeup\thedata/thedata.tex
Package color Info: Redefining color shadecolor on input line 19.

<thedata/figures/VillDistPlot.png, id=16, 505.89pt x 505.89pt>
File: thedata/figures/VillDistPlot.png Graphic file (type png)

<use thedata/figures/VillDistPlot.png>
Package pdftex.def Info: thedata/figures/VillDistPlot.png used on input line 24
.
(pdftex.def)             Requested size: 310.4979pt x 310.4991pt.
Package color Info: Redefining color shadecolor on input line 33.

Overfull \hbox (74.99634pt too wide) in paragraph at lines 35--35
[][]\OT1/cmtt/m/n/10 ggplot[](vills, []aes[](x = Tehsil)) + []geom_bar[]([]aes[
](y = Village), stat = []"identity"[]) +[] 
 []


Overfull \hbox (85.49625pt too wide) in paragraph at lines 36--36
[]    []\OT1/cmtt/m/n/10 opts[](axis.text.x = []theme_text[](angle = 270, hjust
 = 0)) + []facet_wrap[](~Province,[] 
 []

) (C:\Users\Jared\week2\writeup\overall/overall.tex
Package color Info: Redefining color shadecolor on input line 9.
 [3] [4 <C:/Users/Jared/week2/writeup/thedata/figures/VillDistPlot.png>]
Overfull \hbox (17.24684pt too wide) in paragraph at lines 35--35
[]\OT1/cmtt/m/n/10 ##   New_ID Age  Sex     Date Province District Tehsil      
  Village[] 
 []


Overfull \hbox (17.24684pt too wide) in paragraph at lines 35--35
[]\OT1/cmtt/m/n/10 ## 1   1288  26 Male 29082010      KPK  Shangla Besham abase
en colony[] 
 []


Overfull \hbox (17.24684pt too wide) in paragraph at lines 35--35
[]\OT1/cmtt/m/n/10 ## 2   1290  30 Male 29082010      KPK  Shangla Besham abase
en colony[] 
 []


Overfull \hbox (17.24684pt too wide) in paragraph at lines 35--35
[]\OT1/cmtt/m/n/10 ## 3   1370  54 Male 28082010      KPK  Shangla Besham abase
en colony[] 
 []


Overfull \hbox (17.24684pt too wide) in paragraph at lines 35--35
[]\OT1/cmtt/m/n/10 ## 4   1372  53 Male 28082010      KPK  Shangla Besham abase
en colony[] 
 []


Overfull \hbox (17.24684pt too wide) in paragraph at lines 35--35
[]\OT1/cmtt/m/n/10 ## 5   1371  64 Male 28082010      KPK  Shangla Besham abase
en colony[] 
 []

Package color Info: Redefining color shadecolor on input line 45.

Overfull \hbox (143.24574pt too wide) in paragraph at lines 47--47
[]\OT1/cmtt/m/n/10 ricePerc <- []build.dist[](data = pak, lhs = []"New_ID"[], g
roup = []"Province"[], question = []"RiceLost"[])[] 
 []


Overfull \hbox (74.99634pt too wide) in paragraph at lines 49--49
[][]\OT1/cmtt/m/n/10 ggplot[](ricePerc, []aes[](x = RiceLost, y = Percent)) + [
]geom_bar[](stat = []"identity"[]) +[] 
 []


Overfull \hbox (22.4968pt too wide) in paragraph at lines 50--50
[]    []\OT1/cmtt/m/n/10 facet_wrap[](~Province) + []opts[](axis.text.x = []the
me_text[](angle = 90))[] 
 []

Package color Info: Redefining color shadecolor on input line 58.

Overfull \hbox (143.24574pt too wide) in paragraph at lines 60--60
[]\OT1/cmtt/m/n/10 ricePerc <- []build.dist[](data = pak, lhs = []"New_ID"[], g
roup = []"Province"[], question = []"RiceLost"[])[] 
 []


Overfull \hbox (74.99634pt too wide) in paragraph at lines 62--62
[][]\OT1/cmtt/m/n/10 ggplot[](ricePerc, []aes[](x = RiceLost, y = Percent)) + [
]geom_bar[](stat = []"identity"[]) +[] 
 []


Overfull \hbox (22.4968pt too wide) in paragraph at lines 63--63
[]    []\OT1/cmtt/m/n/10 facet_wrap[](~Province) + []opts[](axis.text.x = []the
me_text[](angle = 90))[] 
 []

<overall/figures/overallDistPlot.png, id=24, 505.89pt x 505.89pt>
File: overall/figures/overallDistPlot.png Graphic file (type png)

<use overall/figures/overallDistPlot.png>
Package pdftex.def Info: overall/figures/overallDistPlot.png used on input line
 69.
(pdftex.def)             Requested size: 310.4979pt x 310.4991pt.
)
(C:\Users\Jared\week2\writeup\smallerDist/smallerDist.tex
Package color Info: Redefining color shadecolor on input line 10.

Overfull \hbox (132.74583pt too wide) in paragraph at lines 12--12
[]\OT1/cmtt/m/n/10 pak5 <- pak[pak$Tehsil %in% []unlist[]([]dlply[](pak, .varia
bles = []"Province"[], .fun = village.list,[] 
 []


Overfull \hbox (153.74565pt too wide) in paragraph at lines 15--15
[]\OT1/cmtt/m/n/10 rice5Perc <- []build.dist[](data = pak5, lhs = []"New_ID"[],
 group = []"Province"[], question = []"RiceLost"[])[] 
 []


Overfull \hbox (59.24648pt too wide) in paragraph at lines 17--17
[]\OT1/cmtt/m/n/10 compare5 <- []compare.dist[](ricePerc, rice5Perc, by = []c[]
([]"Province"[], []"RiceLost"[]))[] 
 []


Overfull \hbox (6.74693pt too wide) in paragraph at lines 18--18
[]\OT1/cmtt/m/n/10 compare5$Partial.Size <- []impute.col[](col = compare5$Parti
al.Size, 5)[] 
 []


Overfull \hbox (80.24629pt too wide) in paragraph at lines 19--19
[][]\OT1/cmtt/m/n/10 ggplot[](rice5Perc, []aes[](x = RiceLost, y = Percent)) + 
[]geom_bar[](stat = []"identity"[]) +[] 
 []


Overfull \hbox (22.4968pt too wide) in paragraph at lines 20--20
[]    []\OT1/cmtt/m/n/10 facet_wrap[](~Province) + []opts[](axis.text.x = []the
me_text[](angle = 90))[] 
 []

[5]
Underfull \vbox (badness 10000) detected at line 22
 []


Overfull \vbox (1.77689pt too high) detected at line 22
 []

[6 <C:/Users/Jared/week2/writeup/overall/figures/overallDistPlot.png>]
Package color Info: Redefining color shadecolor on input line 28.

<smallerDist/figures/fiveDistPlot.png, id=32, 505.89pt x 505.89pt>
File: smallerDist/figures/fiveDistPlot.png Graphic file (type png)

<use smallerDist/figures/fiveDistPlot.png>
Package pdftex.def Info: smallerDist/figures/fiveDistPlot.png used on input lin
e 33.
(pdftex.def)             Requested size: 310.4979pt x 310.4991pt.
Package color Info: Redefining color shadecolor on input line 43.

<smallerDist/figures/tenDist.png, id=33, 505.89pt x 505.89pt>
File: smallerDist/figures/tenDist.png Graphic file (type png)

<use smallerDist/figures/tenDist.png>
Package pdftex.def Info: smallerDist/figures/tenDist.png used on input line 48.

(pdftex.def)             Requested size: 310.4979pt x 310.4991pt.
Package color Info: Redefining color shadecolor on input line 56.

<smallerDist/figures/fifteenDist.png, id=34, 505.89pt x 505.89pt>
File: smallerDist/figures/fifteenDist.png Graphic file (type png)

<use smallerDist/figures/fifteenDist.png>
Package pdftex.def Info: smallerDist/figures/fifteenDist.png used on input line
 61.
(pdftex.def)             Requested size: 310.4979pt x 310.4991pt.
Package color Info: Redefining color shadecolor on input line 69.

Overfull \hbox (111.74602pt too wide) in paragraph at lines 74--74
[][]\OT1/cmtt/m/n/10 ggplot[](allT, []aes[](x = RiceLost, y = Percent)) + []geo
m_bar[]([]aes[](group = Size, fill = Size),[] 
 []


Overfull \hbox (122.24593pt too wide) in paragraph at lines 75--75
[]    \OT1/cmtt/m/n/10 stat = []"identity"[], position = []"dodge"[]) + []opts[
](axis.text.x = []theme_text[](angle = 90)) +[] 
 []

[7 <C:/Users/Jared/week2/writeup/smallerDist/figures/fiveDistPlot.png>]
Package color Info: Redefining color shadecolor on input line 85.

<smallerDist/figures/allDistInOnePlot.png, id=40, 505.89pt x 505.89pt>
File: smallerDist/figures/allDistInOnePlot.png Graphic file (type png)

<use smallerDist/figures/allDistInOnePlot.png>
Package pdftex.def Info: smallerDist/figures/allDistInOnePlot.png used on input
 line 90.
(pdftex.def)             Requested size: 310.4979pt x 310.4991pt.
Package color Info: Redefining color shadecolor on input line 99.
 [8 <C:/Users/Jared/week2/writeup/smallerDist/figures/tenDist.png>] [9 <C:/User
s/Jared/week2/writeup/smallerDist/figures/fifteenDist.png>] [10 <C:/Users/Jared
/week2/writeup/smallerDist/figures/allDistInOnePlot.png>]
Overfull \hbox (22.4968pt too wide) in paragraph at lines 102--102
[]\OT1/cmtt/m/n/10 allC$Partial.Size <- []ordered[](allC$Partial.Size, levels =
 []c[](5, 10, 15))[] 
 []


Overfull \hbox (48.74657pt too wide) in paragraph at lines 104--104
[][]\OT1/cmtt/m/n/10 ggplot[](allC, []aes[](x = RiceLost, y = .Diff)) + []geom_
line[]([]aes[](fill = Province,[] 
 []


Overfull \hbox (116.99597pt too wide) in paragraph at lines 105--105
[]    \OT1/cmtt/m/n/10 colour = Province, group = Province)) + []opts[](axis.te
xt.x = []theme_text[](angle = 90)) +[] 
 []


Overfull \hbox (48.74657pt too wide) in paragraph at lines 106--106
[]    []\OT1/cmtt/m/n/10 facet_wrap[](~Partial.Size) + []geom_hline[](yintercep
t = 0, colour = []"grey"[],[] 
 []

Package color Info: Redefining color shadecolor on input line 115.
<smallerDist/figures/distErrorsPlot.png, id=53, 505.89pt x 505.89pt>
File: smallerDist/figures/distErrorsPlot.png Graphic file (type png)

<use smallerDist/figures/distErrorsPlot.png>
Package pdftex.def Info: smallerDist/figures/distErrorsPlot.png used on input l
ine 120.
(pdftex.def)             Requested size: 310.4979pt x 310.4991pt.
) [11 <C:/Users/Jared/week2/writeup/smallerDist/figures/distErrorsPlot.png>]
(C:\Users\Jared\week2\writeup\week2master.lof)
\tf@lof=\write5

(C:\Users\Jared\week2\writeup\week2master.ind) [12

]
(C:\Users\Jared\week2\writeup\week2master.aux) ) 
Here is how much of TeX's memory you used:
 2765 strings out of 494045
 38143 string characters out of 3148386
 98353 words of memory out of 3000000
 5979 multiletter control sequences out of 15000+200000
 11717 words of font info for 46 fonts, out of 3000000 for 9000
 715 hyphenation exceptions out of 8191
 33i,7n,24p,336b,298s stack positions out of 5000i,500n,10000p,200000b,50000s
<C:/Program Files/MiKTeX 2.9/fo
nts/type1/public/amsfonts/cm/cmbx10.pfb><C:/Program Files/MiKTeX 2.9/fonts/type
1/public/amsfonts/cm/cmbx12.pfb><C:/Program Files/MiKTeX 2.9/fonts/type1/public
/amsfonts/cm/cmr10.pfb><C:/Program Files/MiKTeX 2.9/fonts/type1/public/amsfonts
/cm/cmr12.pfb><C:/Program Files/MiKTeX 2.9/fonts/type1/public/amsfonts/cm/cmr17
.pfb><C:/Program Files/MiKTeX 2.9/fonts/type1/public/amsfonts/cm/cmsl10.pfb><C:
/Program Files/MiKTeX 2.9/fonts/type1/public/amsfonts/cm/cmsy10.pfb><C:/Program
 Files/MiKTeX 2.9/fonts/type1/public/amsfonts/cm/cmtt10.pfb>
Output written on week2master.pdf (12 pages, 172341 bytes).
PDF statistics:
 87 PDF objects out of 1000 (max. 8388607)
 0 named destinations out of 1000 (max. 500000)
 36 words of extra memory for PDF output out of 10000 (max. 10000000)

